0 info it worked if it ends with ok
1 verbose cli [ '/Users/skwon/.nvm/versions/node/v6.10.3/bin/node',
1 verbose cli   '/Users/skwon/.nvm/versions/node/v6.10.3/bin/npm',
1 verbose cli   'publish' ]
2 info using npm@3.10.10
3 info using node@v6.10.3
4 verbose publish [ '.' ]
5 silly cache add args [ '.', null ]
6 verbose cache add spec .
7 silly cache add parsed spec Result {
7 silly cache add   raw: '.',
7 silly cache add   scope: null,
7 silly cache add   escapedName: null,
7 silly cache add   name: null,
7 silly cache add   rawSpec: '.',
7 silly cache add   spec: '/Users/skwon/Programming/Playground/balthier',
7 silly cache add   type: 'directory' }
8 verbose addLocalDirectory /Users/skwon/.npm/balthier/0.0.1/package.tgz not in flight; packing
9 verbose correctMkdir /Users/skwon/.npm correctMkdir not in flight; initializing
10 info lifecycle balthier@0.0.1~prepublish: balthier@0.0.1
11 silly lifecycle balthier@0.0.1~prepublish: no script for prepublish, continuing
12 verbose tar pack [ '/Users/skwon/.npm/balthier/0.0.1/package.tgz',
12 verbose tar pack   '/Users/skwon/Programming/Playground/balthier' ]
13 verbose tarball /Users/skwon/.npm/balthier/0.0.1/package.tgz
14 verbose folder /Users/skwon/Programming/Playground/balthier
15 verbose addLocalTarball adding from inside cache /Users/skwon/.npm/balthier/0.0.1/package.tgz
16 verbose correctMkdir /Users/skwon/.npm correctMkdir not in flight; initializing
17 silly cache afterAdd balthier@0.0.1
18 verbose afterAdd /Users/skwon/.npm/balthier/0.0.1/package/package.json not in flight; writing
19 verbose correctMkdir /Users/skwon/.npm correctMkdir not in flight; initializing
20 verbose afterAdd /Users/skwon/.npm/balthier/0.0.1/package/package.json written
21 silly publish { name: 'balthier',
21 silly publish   version: '0.0.1',
21 silly publish   description: 'Named after a pirate of the skies, Balthier (Hijacker) is api service mocker and a json response builder. Its purpose is provide fake repsonses that are compliant with user created contracts.',
21 silly publish   main: 'index.js',
21 silly publish   scripts:
21 silly publish    { dev: 'npx babel src --watch --out-dir lib',
21 silly publish      compile: 'npx babel src --out-dir lib',
21 silly publish      prepublic: 'npm run compile' },
21 silly publish   author: { name: 'Sean Kwon', email: 'seankwn@live.com' },
21 silly publish   license: 'MIT',
21 silly publish   dependencies:
21 silly publish    { axios: '^0.17.0',
21 silly publish      'axios-mock-adapter': '^1.9.0',
21 silly publish      faker: '^4.1.0',
21 silly publish      sinon: '^4.0.1' },
21 silly publish   devDependencies: { 'babel-cli': '^6.26.0', 'babel-preset-env': '^1.6.1' },
21 silly publish   readme: '# Balthier (Codename Hijacker)\n\nNamed after a pirate of the skies, Balthier (Hijacker) is api service\nmocker and a json response builder. Its purpose is provide fake\nrepsonses that are compliant with user created contracts.\n\nThis is meant to speed up the development of UI\'s in case a developer\nhas an idea of how a certain api response will be structured and\nwants to develop request/response related UI interactions, but the\nbackend has not completely implemented the route with the api response.\n\nThe best scenario for this would be a session of rapid prototyping or a\nsales demo.\n',
21 silly publish   readmeFilename: 'README.md',
21 silly publish   gitHead: '72610f371a2c4aea0a931f1a3a6a66eecc5b198e',
21 silly publish   _id: 'balthier@0.0.1',
21 silly publish   _shasum: 'ac867ae843e65edc15355f9271422a7ef338bd04',
21 silly publish   _from: '.' }
22 verbose getPublishConfig undefined
23 silly mapToRegistry name balthier
24 silly mapToRegistry using default registry
25 silly mapToRegistry registry https://registry.npmjs.org/
26 silly mapToRegistry data Result {
26 silly mapToRegistry   raw: 'balthier',
26 silly mapToRegistry   scope: null,
26 silly mapToRegistry   escapedName: 'balthier',
26 silly mapToRegistry   name: 'balthier',
26 silly mapToRegistry   rawSpec: '',
26 silly mapToRegistry   spec: 'latest',
26 silly mapToRegistry   type: 'tag' }
27 silly mapToRegistry uri https://registry.npmjs.org/balthier
28 verbose publish registryBase https://registry.npmjs.org/
29 silly publish uploading /Users/skwon/.npm/balthier/0.0.1/package.tgz
30 verbose request uri https://registry.npmjs.org/balthier
31 verbose request sending authorization for write operation
32 info attempt registry request try #1 at 4:41:37 PM
33 verbose request using bearer token for auth
34 verbose request id 348863cededc7ca3
35 http request PUT https://registry.npmjs.org/balthier
36 http 403 https://registry.npmjs.org/balthier
37 verbose headers { 'content-type': 'application/json',
37 verbose headers   'cache-control': 'max-age=300',
37 verbose headers   'content-length': '91',
37 verbose headers   'accept-ranges': 'bytes',
37 verbose headers   date: 'Mon, 30 Oct 2017 20:41:39 GMT',
37 verbose headers   via: '1.1 varnish',
37 verbose headers   connection: 'keep-alive',
37 verbose headers   'x-served-by': 'cache-bos8222-BOS',
37 verbose headers   'x-cache': 'MISS',
37 verbose headers   'x-cache-hits': '0',
37 verbose headers   'x-timer': 'S1509396099.174144,VS0,VE591',
37 verbose headers   vary: 'Accept-Encoding, Accept' }
38 verbose request invalidating /Users/skwon/.npm/registry.npmjs.org/balthier on PUT
39 error publish Failed PUT 403
40 verbose stack Error: You cannot publish over the previously published version 0.0.1. : balthier
40 verbose stack     at makeError (/Users/skwon/.nvm/versions/node/v6.10.3/lib/node_modules/npm/node_modules/npm-registry-client/lib/request.js:302:12)
40 verbose stack     at CachingRegistryClient.<anonymous> (/Users/skwon/.nvm/versions/node/v6.10.3/lib/node_modules/npm/node_modules/npm-registry-client/lib/request.js:290:14)
40 verbose stack     at Request._callback (/Users/skwon/.nvm/versions/node/v6.10.3/lib/node_modules/npm/node_modules/npm-registry-client/lib/request.js:210:14)
40 verbose stack     at Request.self.callback (/Users/skwon/.nvm/versions/node/v6.10.3/lib/node_modules/npm/node_modules/request/request.js:187:22)
40 verbose stack     at emitTwo (events.js:106:13)
40 verbose stack     at Request.emit (events.js:191:7)
40 verbose stack     at Request.<anonymous> (/Users/skwon/.nvm/versions/node/v6.10.3/lib/node_modules/npm/node_modules/request/request.js:1048:10)
40 verbose stack     at emitOne (events.js:96:13)
40 verbose stack     at Request.emit (events.js:188:7)
40 verbose stack     at IncomingMessage.<anonymous> (/Users/skwon/.nvm/versions/node/v6.10.3/lib/node_modules/npm/node_modules/request/request.js:969:12)
41 verbose statusCode 403
42 verbose pkgid balthier
43 verbose cwd /Users/skwon/Programming/Playground/balthier
44 error Darwin 16.7.0
45 error argv "/Users/skwon/.nvm/versions/node/v6.10.3/bin/node" "/Users/skwon/.nvm/versions/node/v6.10.3/bin/npm" "publish"
46 error node v6.10.3
47 error npm  v3.10.10
48 error code E403
49 error You cannot publish over the previously published version 0.0.1. : balthier
50 error If you need help, you may report this error at:
50 error     <https://github.com/npm/npm/issues>
51 verbose exit [ 1, true ]
